<?xml version="1.0" encoding="UTF-8"?>
<!-- Generated by org.testng.reporters.JUnitReportReporter -->
<testsuite hostname="US-PF3DSW1T" failures="0" tests="1" name="TestCases.LoginPageTest" time="50.271" errors="0" timestamp="2023-02-13T22:46:21 EET" skipped="0">
  <testcase classname="TestCases.LoginPageTest" name="validLogin" time="50.271"/>
  <system-out/>
</testsuite> <!-- TestCases.LoginPageTest -->
