<?xml version="1.0" encoding="UTF-8"?>
<!-- Generated by org.testng.reporters.JUnitReportReporter -->
<testsuite hostname="US-PF3DSW1T" failures="0" tests="2" name="TestCases.RegisterTest" time="28.752" errors="0" timestamp="2023-01-23T12:03:54 EET" skipped="0">
  <testcase classname="TestCases.RegisterTest" name="invalidRegistration" time="15.475"/>
  <system-out/>
  <testcase classname="TestCases.RegisterTest" name="invalidRegistration" time="13.277"/>
  <system-out/>
</testsuite> <!-- TestCases.RegisterTest -->
