<?xml version="1.0" encoding="UTF-8"?>
<!-- Generated by org.testng.reporters.JUnitReportReporter -->
<testsuite hostname="US-PF3DSW1T" failures="0" tests="1" name="TestCases.LoginTest" time="30.580" errors="0" timestamp="2022-11-16T14:11:16 EET" skipped="0">
  <testcase classname="TestCases.LoginTest" name="validLogin" time="30.580"/>
  <system-out/>
</testsuite> <!-- TestCases.LoginTest -->
