<?xml version="1.0" encoding="UTF-8"?>
<!-- Generated by org.testng.reporters.JUnitReportReporter -->
<testsuite hostname="US-PF3DSW1T" failures="0" tests="1" name="RegisterTest" time="33.817" errors="0" timestamp="2022-10-17T17:47:03 EET" skipped="0">
  <testcase classname="RegisterTest" name="ValidRegister" time="33.817"/>
  <system-out/>
</testsuite> <!-- RegisterTest -->
