<?xml version="1.0" encoding="UTF-8"?>
<!-- Generated by org.testng.reporters.JUnitReportReporter -->
<testsuite hostname="US-PF3DSW1T" failures="0" tests="1" name="SearchPageTest" time="23.354" errors="0" timestamp="2022-10-17T17:31:43 EET" skipped="0">
  <testcase classname="SearchPageTest" name="searchInSubCategories" time="23.354"/>
  <system-out/>
</testsuite> <!-- SearchPageTest -->
