<?xml version="1.0" encoding="UTF-8"?>
<!-- Generated by org.testng.reporters.JUnitReportReporter -->
<testsuite hostname="US-PF3DSW1T" failures="0" tests="1" name="ShoppingCartPageTest" time="54.860" errors="0" timestamp="2022-10-17T17:38:23 EET" skipped="0">
  <testcase classname="ShoppingCartPageTest" name="addToShoppingCart" time="54.860"/>
  <system-out/>
</testsuite> <!-- ShoppingCartPageTest -->
