<?xml version="1.0" encoding="UTF-8"?>
<!-- Generated by org.testng.reporters.JUnitReportReporter -->
<testsuite hostname="US-PF3DSW1T" failures="0" tests="1" name="ExtentReports.ExtentReportDemo" time="7.039" errors="0" timestamp="2022-10-19T11:04:15 EET" skipped="0">
  <testcase classname="ExtentReports.ExtentReportDemo" name="setUp" time="7.039"/>
  <system-out/>
</testsuite> <!-- ExtentReports.ExtentReportDemo -->
